<?xml version="1.0" encoding="UTF-8"?>
<testsuite xmlns:xsi="http://www.w3.org/2001/XMLSchema-instance" xsi:noNamespaceSchemaLocation="https://maven.apache.org/surefire/maven-surefire-plugin/xsd/surefire-test-report.xsd" version="3.0.2" name="com.firstApp.firstApp.FirstAppApplicationTests" time="6.284" tests="1" errors="0" skipped="0" failures="0">
  <properties>
[...]
</properties>
  <testcase name="contextLoads" classname="com.firstApp.firstApp.FirstAppApplicationTests" time="0.285">
    <system-out><![CDATA[22:20:00.449 [main] INFO org.springframework.test.context.support.AnnotationConfigContextLoaderUtils -- Could not detect default configuration classes for test class [com.firstApp.firstApp.FirstAppApplicationTests]: FirstAppApplicationTests does not declare any static, non-private, non-final, nested classes annotated with @Configuration.
22:20:00.502 [main] INFO org.springframework.boot.test.context.SpringBootTestContextBootstrapper -- Found @SpringBootConfiguration com.firstApp.firstApp.FirstAppApplication for test class com.firstApp.firstApp.FirstAppApplicationTests

  .   ____          _            __ _ _
 /\\ / ___'_ __ _ _(_)_ __  __ _ \ \ \ \
( ( )\___ | '_ | '_| | '_ \/ _` | \ \ \ \
 \\/  ___)| |_)| | | | | || (_| |  ) ) ) )
  '  |____| .__|_| |_|_| |_\__, | / / / /
 =========|_|==============|___/=/_/_/_/

 :: Spring Boot ::               (v3.4.12)

2025-12-10T22:20:00.671+05:30  INFO 4208 --- [firstApp] [           main] c.f.firstApp.FirstAppApplicationTests    : Starting FirstAppApplicationTests using Java 21.0.8 with PID 4208 (started by pankajshukla in /Users/pankajshukla/Desktop/project/java1-app)
2025-12-10T22:20:00.671+05:30  INFO 4208 --- [firstApp] [           main] c.f.firstApp.FirstAppApplicationTests    : No active profile set, falling back to 1 default profile: "default"
2025-12-10T22:20:00.949+05:30  INFO 4208 --- [firstApp] [           main] .s.d.r.c.RepositoryConfigurationDelegate : Bootstrapping Spring Data JPA repositories in DEFAULT mode.
2025-12-10T22:20:00.975+05:30  INFO 4208 --- [firstApp] [           main] .s.d.r.c.RepositoryConfigurationDelegate : Finished Spring Data repository scanning in 17 ms. Found 1 JPA repository interface.
2025-12-10T22:20:01.224+05:30  INFO 4208 --- [firstApp] [           main] o.hibernate.jpa.internal.util.LogHelper  : HHH000204: Processing PersistenceUnitInfo [name: default]
2025-12-10T22:20:01.255+05:30  INFO 4208 --- [firstApp] [           main] org.hibernate.Version                    : HHH000412: Hibernate ORM core version 6.6.36.Final
2025-12-10T22:20:01.273+05:30  INFO 4208 --- [firstApp] [           main] o.h.c.internal.RegionFactoryInitiator    : HHH000026: Second-level cache disabled
2025-12-10T22:20:01.387+05:30  INFO 4208 --- [firstApp] [           main] o.s.o.j.p.SpringPersistenceUnitInfo      : No LoadTimeWeaver setup: ignoring JPA class transformer
2025-12-10T22:20:01.399+05:30  INFO 4208 --- [firstApp] [           main] com.zaxxer.hikari.HikariDataSource       : HikariPool-1 - Starting...
2025-12-10T22:20:03.289+05:30  INFO 4208 --- [firstApp] [           main] com.zaxxer.hikari.pool.HikariPool        : HikariPool-1 - Added connection ConnectionID:1 ClientConnectionId: c504a917-16f9-4c94-8ff0-3dc91e5ad006
2025-12-10T22:20:03.290+05:30  INFO 4208 --- [firstApp] [           main] com.zaxxer.hikari.HikariDataSource       : HikariPool-1 - Start completed.
2025-12-10T22:20:04.166+05:30  INFO 4208 --- [firstApp] [           main] org.hibernate.orm.connections.pooling    : HHH10001005: Database info:
	Database JDBC URL [Connecting through datasource 'HikariDataSource (HikariPool-1)']
	Database driver: undefined/unknown
	Database version: 17.0
	Autocommit mode: undefined/unknown
	Isolation level: undefined/unknown
	Minimum pool size: undefined/unknown
	Maximum pool size: undefined/unknown
2025-12-10T22:20:05.864+05:30  INFO 4208 --- [firstApp] [           main] j.LocalContainerEntityManagerFactoryBean : Initialized JPA EntityManagerFactory for persistence unit 'default'
2025-12-10T22:20:06.047+05:30  WARN 4208 --- [firstApp] [           main] JpaBaseConfiguration$JpaWebConfiguration : spring.jpa.open-in-view is enabled by default. Therefore, database queries may be performed during view rendering. Explicitly configure spring.jpa.open-in-view to disable this warning
2025-12-10T22:20:06.375+05:30  INFO 4208 --- [firstApp] [           main] c.f.firstApp.FirstAppApplicationTests    : Started FirstAppApplicationTests in 5.816 seconds (process running for 6.195)
]]></system-out>
    <system-err><![CDATA[Mockito is currently self-attaching to enable the inline-mock-maker. This will no longer work in future releases of the JDK. Please add Mockito as an agent to your build what is described in Mockito's documentation: https://javadoc.io/doc/org.mockito/mockito-core/latest/org/mockito/Mockito.html#0.3
WARNING: A Java agent has been loaded dynamically (/Users/pankajshukla/.m2/repository/net/bytebuddy/byte-buddy-agent/1.15.11/byte-buddy-agent-1.15.11.jar)
WARNING: If a serviceability tool is in use, please run with -XX:+EnableDynamicAgentLoading to hide this warning
WARNING: If a serviceability tool is not in use, please run with -Djdk.instrument.traceUsage for more information
WARNING: Dynamic loading of agents will be disallowed by default in a future release
]]></system-err>
  </testcase>
</testsuite>